<?xml version="1.0" encoding="UTF-8"?>
<!-- Generated by org.testng.reporters.JUnitReportReporter -->
<testsuite hostname="QA1072" failures="0" tests="1" name="com.leafBot.testcases.TC022_CreateTask" time="65.711" errors="0" timestamp="2024-03-29T18:53:39 IST" skipped="0">
  <testcase classname="com.leafBot.testcases.TC022_CreateTask" name="createTask" time="65.711"/>
  <system-out/>
</testsuite> <!-- com.leafBot.testcases.TC022_CreateTask -->
