<?xml version="1.0" encoding="UTF-8"?>
<!-- Generated by org.testng.reporters.JUnitReportReporter -->
<testsuite hostname="QA1072" failures="0" tests="1" name="com.leafBot.testcases.TC025_RemoveActivity" time="48.476" errors="0" timestamp="2024-03-29T18:53:39 IST" skipped="0">
  <testcase classname="com.leafBot.testcases.TC025_RemoveActivity" name="removeActivity" time="48.476"/>
  <system-out/>
</testsuite> <!-- com.leafBot.testcases.TC025_RemoveActivity -->
