<?xml version="1.0" encoding="UTF-8"?>
<!-- Generated by org.testng.reporters.JUnitReportReporter -->
<testsuite hostname="QA1072" failures="0" tests="1" name="com.leafBot.testcases.TC006_DuplicateLead" time="50.132" errors="0" timestamp="2024-03-30T16:58:08 IST" skipped="0">
  <testcase classname="com.leafBot.testcases.TC006_DuplicateLead" name="duplicateLead" time="50.132"/>
  <system-out/>
</testsuite> <!-- com.leafBot.testcases.TC006_DuplicateLead -->
