<?xml version="1.0" encoding="UTF-8"?>
<!-- Generated by org.testng.reporters.JUnitReportReporter -->
<testsuite hostname="QA1072" failures="0" tests="1" name="com.leafBot.testcases.TC005_DeleteLead" time="50.444" errors="0" timestamp="2024-03-30T16:58:08 IST" skipped="0">
  <testcase classname="com.leafBot.testcases.TC005_DeleteLead" name="deleteLead" time="50.444"/>
  <system-out/>
</testsuite> <!-- com.leafBot.testcases.TC005_DeleteLead -->
